<?xml version="1.0" encoding="UTF-8"?>
<testsuite xmlns:xsi="http://www.w3.org/2001/XMLSchema-instance" xsi:noNamespaceSchemaLocation="https://maven.apache.org/surefire/maven-surefire-plugin/xsd/surefire-test-report.xsd" name="com.example.AppTest" time="0.074" tests="1" errors="0" skipped="0" failures="0">
  <properties>
    <property name="sun.desktop" value="windows"/>
    <property name="awt.toolkit" value="sun.awt.windows.WToolkit"/>
    <property name="java.specification.version" value="11"/>
    <property name="sun.cpu.isalist" value="amd64"/>
    <property name="sun.jnu.encoding" value="Cp1252"/>
    <property name="java.class.path" value="C:\Users\f.walliser\dev\tests\demo\target\test-classes;C:\Users\f.walliser\dev\tests\demo\target\classes;C:\Users\f.walliser\.m2\repository\junit\junit\4.11\junit-4.11.jar;C:\Users\f.walliser\.m2\repository\org\hamcrest\hamcrest-core\1.3\hamcrest-core-1.3.jar;"/>
    <property name="java.vm.vendor" value="Microsoft"/>
    <property name="sun.arch.data.model" value="64"/>
    <property name="user.variant" value=""/>
    <property name="java.vendor.url" value="https://www.microsoft.com"/>
    <property name="user.timezone" value="Europe/Berlin"/>
    <property name="java.vm.specification.version" value="11"/>
    <property name="os.name" value="Windows 10"/>
    <property name="sun.java.launcher" value="SUN_STANDARD"/>
    <property name="user.country" value="DE"/>
    <property name="sun.boot.library.path" value="C:\Program Files\Microsoft\jdk-11.0.19.7-hotspot\bin"/>
    <property name="sun.java.command" value="C:\Users\FAFAE~1.WAL\AppData\Local\Temp\surefire4155742682300747021\surefirebooter7549803984429476387.jar C:\Users\f.walliser\AppData\Local\Temp\surefire4155742682300747021 2023-07-25T19-40-53_410-jvmRun1 surefire15799381422817917653tmp surefire_03511325993758990098tmp"/>
    <property name="jdk.debug" value="release"/>
    <property name="surefire.test.class.path" value="C:\Users\f.walliser\dev\tests\demo\target\test-classes;C:\Users\f.walliser\dev\tests\demo\target\classes;C:\Users\f.walliser\.m2\repository\junit\junit\4.11\junit-4.11.jar;C:\Users\f.walliser\.m2\repository\org\hamcrest\hamcrest-core\1.3\hamcrest-core-1.3.jar;"/>
    <property name="sun.cpu.endian" value="little"/>
    <property name="user.home" value="C:\Users\f.walliser"/>
    <property name="user.language" value="de"/>
    <property name="java.specification.vendor" value="Oracle Corporation"/>
    <property name="java.version.date" value="2023-04-18"/>
    <property name="java.home" value="C:\Program Files\Microsoft\jdk-11.0.19.7-hotspot"/>
    <property name="file.separator" value="\"/>
    <property name="basedir" value="C:\Users\f.walliser\dev\tests\demo"/>
    <property name="java.vm.compressedOopsMode" value="Zero based"/>
    <property name="line.separator" value="&#10;"/>
    <property name="java.specification.name" value="Java Platform API Specification"/>
    <property name="java.vm.specification.vendor" value="Oracle Corporation"/>
    <property name="java.awt.graphicsenv" value="sun.awt.Win32GraphicsEnvironment"/>
    <property name="surefire.real.class.path" value="C:\Users\FAFAE~1.WAL\AppData\Local\Temp\surefire4155742682300747021\surefirebooter7549803984429476387.jar"/>
    <property name="user.script" value=""/>
    <property name="sun.management.compiler" value="HotSpot 64-Bit Tiered Compilers"/>
    <property name="java.runtime.version" value="11.0.19+7-LTS"/>
    <property name="user.name" value="f.walliser"/>
    <property name="path.separator" value=";"/>
    <property name="os.version" value="10.0"/>
    <property name="java.runtime.name" value="OpenJDK Runtime Environment"/>
    <property name="file.encoding" value="Cp1252"/>
    <property name="java.vm.name" value="OpenJDK 64-Bit Server VM"/>
    <property name="java.vendor.version" value="Microsoft-7621296"/>
    <property name="localRepository" value="C:\Users\f.walliser\.m2\repository"/>
    <property name="java.vendor.url.bug" value="https://github.com/microsoft/openjdk/issues"/>
    <property name="java.io.tmpdir" value="C:\Users\FAFAE~1.WAL\AppData\Local\Temp\"/>
    <property name="java.version" value="11.0.19"/>
    <property name="user.dir" value="C:\Users\f.walliser\dev\tests\demo"/>
    <property name="os.arch" value="amd64"/>
    <property name="java.vm.specification.name" value="Java Virtual Machine Specification"/>
    <property name="java.awt.printerjob" value="sun.awt.windows.WPrinterJob"/>
    <property name="sun.os.patch.level" value=""/>
    <property name="java.library.path" value="C:\Program Files\Microsoft\jdk-11.0.19.7-hotspot\bin;C:\WINDOWS\Sun\Java\bin;C:\WINDOWS\system32;C:\WINDOWS;C:\Program Files\WindowsApps\Microsoft.PowerShell_7.3.6.0_x64__8wekyb3d8bbwe;C:\Program Files\Microsoft\jdk-11.0.19.7-hotspot\bin;C:\Program Files (x86)\Microsoft SDKs\Azure\CLI2\wbin;C:\Python310\Scripts\;C:\Python310\;C:\WINDOWS\system32;C:\WINDOWS;C:\WINDOWS\System32\Wbem;C:\WINDOWS\System32\WindowsPowerShell\v1.0\;C:\WINDOWS\System32\OpenSSH\;C:\Gradle\gradle-7.5.1\bin;C:\Program Files\Git\cmd;C:\Program Files\Maven\apache-maven-3.8.6\bin;C:\Program Files\nodejs\;C:\ProgramData\chocolatey\bin;C:\Program Files\PuTTY\;C:\Program Files (x86)\Microsoft SQL Server\150\Tools\Binn\;C:\Program Files\Microsoft SQL Server\150\Tools\Binn\;C:\Program Files\Microsoft SQL Server\Client SDK\ODBC\170\Tools\Binn\;C:\Program Files\Microsoft SQL Server\150\DTS\Binn\;C:\Program Files (x86)\Microsoft SQL Server\150\DTS\Binn\;C:\Program Files\Azure Data Studio\bin;C:\Program Files\TortoiseSVN\bin;C:\Program Files\WireGuard\;C:\Program Files\Tailscale\;C:\Program Files\Microsoft\jdk-11.0.19.7-hotspot\bin;;C:\Program Files\Docker\Docker\resources\bin;C:\Program Files\dotnet\;C:\Users\f.walliser\scoop\shims;C:\Program Files\MySQL\MySQL Shell 8.0\bin\;C:\Users\f.walliser\AppData\Local\Microsoft\WindowsApps;C:\Users\f.walliser\AppData\Local\Programs\Microsoft VS Code\bin;C:\Program Files\JetBrains\IntelliJ IDEA Community Edition 2022.2.3\bin;C:\Users\f.walliser\AppData\Roaming\npm;C:\Program Files\Azure Data Studio\bin;C:\Program Files (x86)\Microsoft Visual Studio\2019\Community\MSBuild\Current\Bin;C:\Users\f.walliser\mongosh-1.8.0-win32-x64\bin;C:\Users\f.walliser\AppData\Local\Programs\oh-my-posh\bin;C:\Program Files\liquibase;C:\Program Files\MongoDB\Tools\100;C:\Users\f.walliser\.azure-kubectl;C:\Users\f.walliser\.azure-kubelogin;C:\Program Files\OpenSSL-Win64\bin;;C:\Users\f.walliser\AppData\Local\Programs\Lens\resources\cli\bin;."/>
    <property name="java.vm.info" value="mixed mode"/>
    <property name="java.vendor" value="Microsoft"/>
    <property name="java.vm.version" value="11.0.19+7-LTS"/>
    <property name="sun.io.unicode.encoding" value="UnicodeLittle"/>
    <property name="java.class.version" value="55.0"/>
  </properties>
  <testcase name="shouldAnswerWithTrue" classname="com.example.AppTest" time="0.003"/>
</testsuite>